<?xml version="1.0" encoding="UTF-8" ?>
<testsuite tests="6" failures="0" name="com.arrays.ArraysUtilsTest" time="0.123" errors="0" skipped="0">
  <properties>
[...]
</properties>
  <testcase classname="com.arrays.ArraysUtilsTest" name="partition_0_partitionSize" time="0.032"/>
  <testcase classname="com.arrays.ArraysUtilsTest" name="partition_empty_array" time="0.087"/>
  <testcase classname="com.arrays.ArraysUtilsTest" name="partition_negatif_partitionSize" time="0"/>
  <testcase classname="com.arrays.ArraysUtilsTest" name="partition_array_null" time="0"/>
  <testcase classname="com.arrays.ArraysUtilsTest" name="partition_impair_size" time="0.003"/>
  <testcase classname="com.arrays.ArraysUtilsTest" name="partition_pair_size" time="0.001"/>
</testsuite>